# JRE version: OpenJDK Runtime Environment Corretto-21.0.5.11.1 (21.0.5+11) (build 21.0.5+11-LTS)
# Java VM: OpenJDK 64-Bit Server VM Corretto-21.0.5.11.1 (21.0.5+11-LTS, mixed mode, sharing, tiered, compressed oops, compressed class ptrs, g1 gc, linux-amd64)
GC Precious Log:
 CardTable entry size: 512
 Card Set container configuration: InlinePtr #cards 5 size 8 Array Of Cards #cards 12 size 40 Howl #buckets 4 coarsen threshold 1843 Howl Bitmap #cards 512 size 80 coarsen threshold 460 Card regions per heap region 1 cards per card region 2048
 CPUs: 8 total, 8 available
 Memory: 11801M
 Large Page Support: Disabled
 NUMA Support: Disabled
 Compressed Oops: Enabled (32-bit)
 Heap Region Size: 1M
 Heap Min Capacity: 256M
 Heap Initial Capacity: 256M
 Heap Max Capacity: 512M
 Pre-touch: Disabled
 Parallel Workers: 8
 Concurrent Workers: 2
 Concurrent Refinement Workers: 8
 Periodic GC: Disabled
Heap:
 garbage-first heap   total 262144K, used 147418K [0x00000000e0000000, 0x0000000100000000)
  region size 1024K, 125 young (128000K), 15 survivors (15360K)
 Metaspace       used 33336K, committed 34560K, reserved 393216K
  class space    used 4855K, committed 5440K, reserved 327680K
GC Heap History (7 events):
Event: 0,511 GC heap before
{Heap before GC invocations=0 (full 0):
 garbage-first heap   total 264192K, used 27697K [0x00000000e0000000, 0x0000000100000000)
  region size 1024K, 23 young (23552K), 0 survivors (0K)
 Metaspace       used 3263K, committed 3392K, reserved 393216K
  class space    used 410K, committed 448K, reserved 327680K
}
Event: 0,516 GC heap after
{Heap after GC invocations=1 (full 0):
 garbage-first heap   total 264192K, used 11587K [0x00000000e0000000, 0x0000000100000000)
  region size 1024K, 3 young (3072K), 3 survivors (3072K)
 Metaspace       used 3263K, committed 3392K, reserved 393216K
  class space    used 410K, committed 448K, reserved 327680K
}
Event: 0,761 GC heap before
{Heap before GC invocations=1 (full 0):
 garbage-first heap   total 264192K, used 47427K [0x00000000e0000000, 0x0000000100000000)
  region size 1024K, 38 young (38912K), 3 survivors (3072K)
 Metaspace       used 4242K, committed 4480K, reserved 393216K
  class space    used 500K, committed 640K, reserved 327680K
}
Event: 0,764 GC heap after
{Heap after GC invocations=2 (full 0):
 garbage-first heap   total 264192K, used 15697K [0x00000000e0000000, 0x0000000100000000)
  region size 1024K, 5 young (5120K), 5 survivors (5120K)
 Metaspace       used 4242K, committed 4480K, reserved 393216K
  class space    used 500K, committed 640K, reserved 327680K
}
Event: 2,387 GC heap before
{Heap before GC invocations=2 (full 0):
 garbage-first heap   total 264192K, used 114001K [0x00000000e0000000, 0x0000000100000000)
  region size 1024K, 102 young (104448K), 5 survivors (5120K)
 Metaspace       used 20831K, committed 21504K, reserved 393216K
  class space    used 2978K, committed 3264K, reserved 327680K
}
Event: 2,398 GC heap after
{Heap after GC invocations=3 (full 0):
 garbage-first heap   total 264192K, used 23514K [0x00000000e0000000, 0x0000000100000000)
  region size 1024K, 12 young (12288K), 12 survivors (12288K)
 Metaspace       used 20831K, committed 21504K, reserved 393216K
  class space    used 2978K, committed 3264K, reserved 327680K
}
Event: 5,067 GC heap before
{Heap before GC invocations=4 (full 0):
 garbage-first heap   total 262144K, used 146394K [0x00000000e0000000, 0x0000000100000000)
  region size 1024K, 122 young (124928K), 12 survivors (12288K)
 Metaspace       used 33336K, committed 34560K, reserved 393216K
  class space    used 4855K, committed 5440K, reserved 327680K
}

